{"logLevel":"debug","message":"multithreading is set to false"}
{"logLevel":"debug","message":"Using reflection to scan dependencies for gauge implementations..."}
log4j:WARN No appenders could be found for logger (io.grpc.netty.shaded.io.netty.util.internal.logging.InternalLoggerFactory).
log4j:WARN Please initialize the log4j system properly.
log4j:WARN See http://logging.apache.org/log4j/1.2/faq.html#noconfig for more info.
{"logLevel":"debug","message":"gauge-java took 1070milliseconds to load and scan. This should be less than 'runner_connection_timeout' config value."}
{"logLevel":"debug","message":"run 'gauge config runner_connection_timeout' and verify that it is < 1070"}
{"logLevel":"debug","message":"starting gRPC server..."}
{"logLevel":"debug","message":"started gRPC server on port 64743"}
{"logLevel":"info","message":"Listening on port:64743"}
{"logLevel":"debug","message":"Scanning packages for steps"}
{"logLevel":"debug","message":"Comparing 'com.ozdilekteyim.app.StepImplementation.checkShoppingPage' and 'com.ozdilekteyim.app.StepImplementation.checkShoppingPage'"}
{"logLevel":"debug","message":"Found Alışveriş sayfasının açıldığını kontrol et in current project scope."}
{"logLevel":"debug","message":"Comparing 'com.ozdilekteyim.app.StepImplementation.clickStartShopping' and 'com.ozdilekteyim.app.StepImplementation.clickStartShopping'"}
{"logLevel":"debug","message":"Found Alışverişe başla butonuna bas in current project scope."}
{"logLevel":"debug","message":"Comparing 'com.ozdilekteyim.app.StepImplementation.checkOpenApp' and 'com.ozdilekteyim.app.StepImplementation.checkOpenApp'"}
{"logLevel":"debug","message":"Found Uygulamanın çalıştığını kontrol et in current project scope."}
{"logLevel":"debug","message":"Scanning packages for hooks"}
{"logLevel":"debug","message":"Scanned steps (using static parsing + reflections): "}
{"logLevel":"debug","message":"\tUygulamanın çalıştığını kontrol et : public void checkOpenApp() throws InterruptedException"}
{"logLevel":"debug","message":"\tAlışveriş sayfasının açıldığını kontrol et : public void checkShoppingPage() throws InterruptedException"}
{"logLevel":"debug","message":"\tAlışverişe başla butonuna bas : public void clickStartShopping() throws InterruptedException"}
Android  testi başlıyor
{"logLevel":"debug","message":"Killing Java runner..."}
{"logLevel":"debug","message":"Stopping execution pool..."}
{"logLevel":"debug","message":"Shutting down grpc server..."}
{"logLevel":"debug","message":"Runner killed gracefully."}
